F00:0001       .include "system.asm"
F01:0001       ;-----------------------------------------------------------------------------
F01:0002       ;Base definitions
F01:0003       ROM_BASE        = $00000000
F01:0004       ROM_SIZE        = $00040000
F01:0005       ROM_TOP         =  ROM_BASE + ROM_SIZE
F01:0006       
F01:0007       RAM_BASE        = $10000000
F01:0008       RAM_SIZE        = $00100000
F01:0009       RAM_TOP         = RAM_BASE + RAM_SIZE
F01:0010       RAM_PAGES       = RAM_SIZE / 1024
F01:0011       
F01:0012       MFP_BASE        = $40000000
F01:0013       
F01:0014       IDE0_BASE	= $20000000
F01:0015       IDE1_BASE	= $30000000
F01:0016       
F01:0017       STACK_INIT	= RAM_TOP
F01:0018       ;-----------------------------------------------------------------------------
F01:0019       ;MFP registers
F01:0020       MFP_GPDR        = MFP_BASE + $00
F01:0021       MFP_AER         = MFP_BASE + $01
F01:0022       MFP_DDR         = MFP_BASE + $02
F01:0023       MFP_IERA        = MFP_BASE + $03
F01:0024       MFP_IERB        = MFP_BASE + $04
F01:0025       MFP_IPRA        = MFP_BASE + $05
F01:0026       MFP_IPRB        = MFP_BASE + $06
F01:0027       MFP_ISRA        = MFP_BASE + $07
F01:0028       MFP_ISRB        = MFP_BASE + $08
F01:0029       MFP_IMRA        = MFP_BASE + $09
F01:0030       MFP_IMRB        = MFP_BASE + $0A
F01:0031       MFP_VR          = MFP_BASE + $0B
F01:0032       MFP_TACR        = MFP_BASE + $0C
F01:0033       MFP_TBCR        = MFP_BASE + $0D
F01:0034       MFP_TCDCR       = MFP_BASE + $0E
F01:0035       MFP_TADR        = MFP_BASE + $0F
F01:0036       MFP_TBDR        = MFP_BASE + $10
F01:0037       MFP_TCDR        = MFP_BASE + $11
F01:0038       MFP_TDDR        = MFP_BASE + $12
F01:0039       MFP_SCR         = MFP_BASE + $13
F01:0040       MFP_UCR         = MFP_BASE + $14
F01:0041       MFP_RSR         = MFP_BASE + $15
F01:0042       MFP_TSR         = MFP_BASE + $16
F01:0043       MFP_UDR         = MFP_BASE + $17
F01:0044       ;-----------------------------------------------------------------------------
F01:0045       ;IDE registers
F01:0046       IDE_D		= IDE0_BASE + $00
F01:0047       IDE_E		= IDE0_BASE + $02 ;read only
F01:0048       IDE_SC		= IDE0_BASE + $04
F01:0049       IDE_SN		= IDE0_BASE + $06
F01:0050       IDE_CL		= IDE0_BASE + $08
F01:0051       IDE_CH		= IDE0_BASE + $0A
F01:0052       IDE_SDH		= IDE0_BASE + $0C
F01:0053       IDE_STAT	= IDE0_BASE + $0E ;read only
F01:0054       IDE_WP		= IDE0_BASE + $02 ;write only
F01:0055       IDE_CMD		= IDE0_BASE + $0E ;write only
F01:0056       
F01:0057       IDE_ASTAT	= IDE1_BASE + $0C ;read only
F01:0058       IDE_DIGO	= IDE1_BASE + $0C ;write only
F01:0059       IDE_DRVA	= IDE1_BASE + $0E ;read only
F01:0060       
F01:0061       IDE_LBAL	= IDE0_BASE + $06
F01:0062       IDE_LBAM	= IDE0_BASE + $08
F01:0063       IDE_LBAH	= IDE0_BASE + $0A
F01:0064       
F00:0002       
F00:0003       org ROM_BASE
F00:0004       
F00:0005       .include "vector.asm"
F02:0001       ;-----------------------------------------------------------------------------
F02:0002       ;exception vector table
F02:0003       dc.l STACK_INIT                 ;Reset Initial Interrupt Stack Pointer
               S01:00000000:  10 10 00 00
F02:0004       dc.l Main                       ;Reset Initial Program Counter
               S01:00000004:  00 00 11 1C
F02:0005       dc.l FatalError                 ;Bus error
               S01:00000008:  00 00 04 00
F02:0006       dc.l FatalError                 ;Address error
               S01:0000000C:  00 00 04 00
F02:0007       
F02:0008       dc.l FatalError                 ;Illigal Instruction
               S01:00000010:  00 00 04 00
F02:0009       dc.l FatalError                 ;Zero Divide
               S01:00000014:  00 00 04 00
F02:0010       dc.l FatalError                 ;CHK, CHK2 Instruction
               S01:00000018:  00 00 04 00
F02:0011       dc.l FatalError                 ;cpTRAPcc, TRAPcc, TRAPV Instructions
               S01:0000001C:  00 00 04 00
F02:0012       
F02:0013       dc.l FatalError                 ;Privilege Violation
               S01:00000020:  00 00 04 00
F02:0014       dc.l IgnoreInterrupt            ;Trace
               S01:00000024:  00 00 04 08
F02:0015       dc.l IgnoreInterrupt            ;Line 1010 Emulator
               S01:00000028:  00 00 04 08
F02:0016       dc.l IgnoreInterrupt            ;Line 1111 Emulator
               S01:0000002C:  00 00 04 08
F02:0017       
F02:0018       dc.l IgnoreInterrupt            ;(Reserved)
               S01:00000030:  00 00 04 08
F02:0019       dc.l FatalError                 ;Coprocessor Protocol Violation
               S01:00000034:  00 00 04 00
F02:0020       dc.l FatalError                 ;Format error
               S01:00000038:  00 00 04 00
F02:0021       dc.l FatalError                 ;Uninitialized Interrupt
               S01:0000003C:  00 00 04 00
F02:0022       
F02:0023       dc.l IgnoreInterrupt            ;(Unasigned)
               S01:00000040:  00 00 04 08
F02:0024       dc.l IgnoreInterrupt            ;(Unasigned)
               S01:00000044:  00 00 04 08
F02:0025       dc.l IgnoreInterrupt            ;(Unasigned)
               S01:00000048:  00 00 04 08
F02:0026       dc.l IgnoreInterrupt            ;(Unasigned)
               S01:0000004C:  00 00 04 08
F02:0027       dc.l IgnoreInterrupt            ;(Unasigned)
               S01:00000050:  00 00 04 08
F02:0028       dc.l IgnoreInterrupt            ;(Unasigned)
               S01:00000054:  00 00 04 08
F02:0029       dc.l IgnoreInterrupt            ;(Unasigned)
               S01:00000058:  00 00 04 08
F02:0030       dc.l IgnoreInterrupt            ;(Unasigned)
               S01:0000005C:  00 00 04 08
F02:0031       
F02:0032       dc.l IgnoreInterrupt            ;Spurious Interrupt
               S01:00000060:  00 00 04 08
F02:0033       dc.l IgnoreInterrupt            ;Level 1 Interrupt Autovector
               S01:00000064:  00 00 04 08
F02:0034       dc.l IgnoreInterrupt            ;Level 2 Interrupt Autovector
               S01:00000068:  00 00 04 08
F02:0035       dc.l IgnoreInterrupt            ;Level 3 Interrupt Autovector
               S01:0000006C:  00 00 04 08
F02:0036       
F02:0037       dc.l IgnoreInterrupt            ;Level 4 Interrupt Autovector
               S01:00000070:  00 00 04 08
F02:0038       dc.l IgnoreInterrupt            ;Level 5 Interrupt Autovector
               S01:00000074:  00 00 04 08
F02:0039       dc.l IgnoreInterrupt            ;Level 6 Interrupt Autovector
               S01:00000078:  00 00 04 08
F02:0040       dc.l IgnoreInterrupt            ;Level 7 Interrupt Autovector
               S01:0000007C:  00 00 04 08
F02:0041       
F02:0042       dc.l IgnoreInterrupt            ;TRAP #0
               S01:00000080:  00 00 04 08
F02:0043       dc.l IgnoreInterrupt            ;TRAP #1
               S01:00000084:  00 00 04 08
F02:0044       dc.l IgnoreInterrupt            ;TRAP #2
               S01:00000088:  00 00 04 08
F02:0045       dc.l IgnoreInterrupt            ;TRAP #3
               S01:0000008C:  00 00 04 08
F02:0046       dc.l IgnoreInterrupt            ;TRAP #4
               S01:00000090:  00 00 04 08
F02:0047       dc.l IgnoreInterrupt            ;TRAP #5
               S01:00000094:  00 00 04 08
F02:0048       dc.l IgnoreInterrupt            ;TRAP #6
               S01:00000098:  00 00 04 08
F02:0049       dc.l IgnoreInterrupt            ;TRAP #7
               S01:0000009C:  00 00 04 08
F02:0050       dc.l IgnoreInterrupt            ;TRAP #8
               S01:000000A0:  00 00 04 08
F02:0051       dc.l IgnoreInterrupt            ;TRAP #9
               S01:000000A4:  00 00 04 08
F02:0052       dc.l IgnoreInterrupt            ;TRAP #10
               S01:000000A8:  00 00 04 08
F02:0053       dc.l IgnoreInterrupt            ;TRAP #11
               S01:000000AC:  00 00 04 08
F02:0054       dc.l IgnoreInterrupt            ;TRAP #12
               S01:000000B0:  00 00 04 08
F02:0055       dc.l IgnoreInterrupt            ;TRAP #13
               S01:000000B4:  00 00 04 08
F02:0056       dc.l IgnoreInterrupt            ;TRAP #14
               S01:000000B8:  00 00 04 08
F02:0057       dc.l IgnoreInterrupt            ;TRAP #15
               S01:000000BC:  00 00 04 08
F02:0058       
F02:0059       dc.l IgnoreInterrupt            ;FPCP Branch or Set on Unordered Condition
               S01:000000C0:  00 00 04 08
F02:0060       dc.l IgnoreInterrupt            ;FPCP Inexact Result
               S01:000000C4:  00 00 04 08
F02:0061       dc.l IgnoreInterrupt            ;FPCP Divide by Zero
               S01:000000C8:  00 00 04 08
F02:0062       dc.l IgnoreInterrupt            ;FPCP Underflow
               S01:000000CC:  00 00 04 08
F02:0063       
F02:0064       dc.l IgnoreInterrupt            ;FPCP Operand error
               S01:000000D0:  00 00 04 08
F02:0065       dc.l IgnoreInterrupt            ;FPCP Overflow
               S01:000000D4:  00 00 04 08
F02:0066       dc.l IgnoreInterrupt            ;FPCP Signaling NAN
               S01:000000D8:  00 00 04 08
F02:0067       dc.l IgnoreInterrupt            ;(Unasigned)
               S01:000000DC:  00 00 04 08
F02:0068       
F02:0069       dc.l IgnoreInterrupt            ;PMMU Configuration
               S01:000000E0:  00 00 04 08
F02:0070       dc.l IgnoreInterrupt            ;PMMU Illigal Operation
               S01:000000E4:  00 00 04 08
F02:0071       dc.l IgnoreInterrupt            ;PMMU Access Level Violation
               S01:000000E8:  00 00 04 08
F02:0072       
F02:0073       dc.l IgnoreInterrupt            ;(Unasigned)
               S01:000000EC:  00 00 04 08
F02:0074       dc.l IgnoreInterrupt            ;(Unasigned)
               S01:000000F0:  00 00 04 08
F02:0075       dc.l IgnoreInterrupt            ;(Unasigned)
               S01:000000F4:  00 00 04 08
F02:0076       dc.l IgnoreInterrupt            ;(Unasigned)
               S01:000000F8:  00 00 04 08
F02:0077       dc.l IgnoreInterrupt            ;(Unasigned)
               S01:000000FC:  00 00 04 08
F02:0078       
F02:0079       dc.l IgnoreInterrupt            ;MFP General Purpose Interrupt 0
               S01:00000100:  00 00 04 08
F02:0080       dc.l IgnoreInterrupt            ;MFP General Purpose Interrupt 1
               S01:00000104:  00 00 04 08
F02:0081       dc.l IgnoreInterrupt            ;MFP General Purpose Interrupt 2
               S01:00000108:  00 00 04 08
F02:0082       dc.l IgnoreInterrupt            ;MFP General Purpose Interrupt 3
               S01:0000010C:  00 00 04 08
F02:0083       dc.l IgnoreInterrupt            ;MFP Timer D
               S01:00000110:  00 00 04 08
F02:0084       dc.l IgnoreInterrupt            ;MFP Timer C
               S01:00000114:  00 00 04 08
F02:0085       dc.l IgnoreInterrupt            ;MFP General Purpose Interrupt 4
               S01:00000118:  00 00 04 08
F02:0086       dc.l IgnoreInterrupt            ;MFP General Purpose Interrupt 5
               S01:0000011C:  00 00 04 08
F02:0087       dc.l IgnoreInterrupt            ;MFP Timer B
               S01:00000120:  00 00 04 08
F02:0088       dc.l IgnoreInterrupt            ;MFP Transmit Error
               S01:00000124:  00 00 04 08
F02:0089       dc.l IgnoreInterrupt            ;MFP Transmit Buffer Empty
               S01:00000128:  00 00 04 08
F02:0090       dc.l IgnoreInterrupt            ;MFP Receive Error
               S01:0000012C:  00 00 04 08
F02:0091       dc.l SerialRXHandler            ;MFP Receive Buffer Full
               S01:00000130:  00 00 05 76
F02:0092       dc.l IgnoreInterrupt            ;MFP Timer A
               S01:00000134:  00 00 04 08
F02:0093       dc.l IgnoreInterrupt            ;MFP General Purpose Interrupt 6
               S01:00000138:  00 00 04 08
F02:0094       dc.l IgnoreInterrupt            ;MFP General Purpose Interrupt 7
               S01:0000013C:  00 00 04 08
F02:0095       
F02:0096       dcb.l 176, IgnoreInterrupt      ;User defined Interrupts
F02:0097       ;-----------------------------------------------------------------------------
F02:0098       ;Basic exception handling function
F02:0099       FatalError:			;locks up cpu completely until reset
F02:0100       		move.w IDE0_BASE, D0
               S01:00000400:  30 39 20 00 00 00
F02:0101       		bra FatalError
               S01:00000406:  60 F8
F02:0102       
F02:0103       IgnoreInterrupt:		;just returns without doing anything
F02:0104               rte
               S01:00000408:  4E 73
F02:0105       
F00:0006       .include "serial.asm"
F03:0001       ;initializes serial interface and timer D for 9600 baud
F03:0002       SerialInit:
F03:0003       		andi.b #$f0, MFP_TCDCR
               S01:0000040A:  02 39 00 F0 40 00 00 0E
F03:0004       		ori.b #$01, MFP_TCDCR
               S01:00000412:  00 39 00 01 40 00 00 0E
F03:0005       		move.b #$3, MFP_TDDR ;TDO clock divider for 9600 baud serial
               S01:0000041A:  13 FC 00 03 40 00 00 12
F03:0006       		;move.b #$04, MFP_TDDR ;TDO clock divider for 115200 baus
F03:0007       
F03:0008       		move.b #$88, MFP_UCR ;CLK / 16, 8bit char, no parity
               S01:00000422:  13 FC 00 88 40 00 00 14
F03:0009       		move.b #$04, MFP_TSR ;set h flag
               S01:0000042A:  13 FC 00 04 40 00 00 16
F03:0010       		move.b #$05, MFP_TSR ;enable transmitter
               S01:00000432:  13 FC 00 05 40 00 00 16
F03:0011       
F03:0012       		move.b #$01, MFP_RSR ;enable receiver
               S01:0000043A:  13 FC 00 01 40 00 00 15
F03:0013       
F03:0014       		move.b #$40, MFP_VR ;MFP interrupt vector base at $40, Automatic end of interrupt mode
               S01:00000442:  13 FC 00 40 40 00 00 0B
F03:0015       		bset.b #4, MFP_IERA ;enable receive buffer full interrupt
               S01:0000044A:  08 F9 00 04 40 00 00 03
F03:0016       		bset.b #4, MFP_IMRA ;unmask receive buffer full interrupt
               S01:00000452:  08 F9 00 04 40 00 00 09
F03:0017       
F03:0018       		rts
               S01:0000045A:  4E 75
F03:0019       
F03:0020       ;writes string to serial
F03:0021       SerialWrite: ;void (char* string)
F03:0022       		move.l (4, A7), A0
               S01:0000045C:  20 6F 00 04
F03:0023       	.loop:
F03:0024       		btst.b #7, MFP_TSR
               S01:00000460:  08 39 00 07 40 00 00 16
F03:0025       		beq.w .loop ;as long as the BE flag is clear loop
               S01:00000468:  67 00 FF F6
F03:0026       
F03:0027       		cmpi.b #$00, (A0) 
               S01:0000046C:  4A 10
F03:0028       		beq.w .return
               S01:0000046E:  67 00 00 0C
F03:0029       		move.b (A0)+, MFP_UDR
               S01:00000472:  13 D8 40 00 00 17
F03:0030       		bra.w .loop
               S01:00000478:  60 00 FF E6
F03:0031       	.return:
F03:0032       		rts
               S01:0000047C:  4E 75
F03:0033       
F03:0034       ;writes char to serial
F03:0035       SerialWriteChar: ;void (int char)
F03:0036       		btst #7, MFP_TSR
               S01:0000047E:  08 39 00 07 40 00 00 16
F03:0037       		beq.w SerialWriteChar
               S01:00000486:  67 00 FF F6
F03:0038       
F03:0039       		move.w (4, A7), D0
               S01:0000048A:  30 2F 00 04
F03:0040       		move.b D0, MFP_UDR
               S01:0000048E:  13 C0 40 00 00 17
F03:0041       		rts
               S01:00000494:  4E 75
F03:0042       
F03:0043       __SerialHexTable:
F03:0044       		dc.b "0123456789ABCDEF"
               S01:00000496:  30 31 32 33 34 35 36 37 38 39 41 42 43 44 45 46
F03:0045       
F03:0046       ;writes 8 bit int to serial as hexadecimal
F03:0047       SerialWriteHex8: ;void (int number)
F03:0048       		move.l #__SerialHexTable, A0
               S01:000004A6:  30 7C 04 96
F03:0049       	.loop0:
F03:0050       		btst.b #7, MFP_TSR
               S01:000004AA:  08 39 00 07 40 00 00 16
F03:0051       		beq.w .loop0
               S01:000004B2:  67 00 FF F6
F03:0052       
F03:0053       		move.w (4, A7), D0
               S01:000004B6:  30 2F 00 04
F03:0054       		andi.w #$00f0, D0
               S01:000004BA:  02 40 00 F0
F03:0055       		lsr.w #4, D0
               S01:000004BE:  E8 48
F03:0056       		move.b (0,A0,D0), MFP_UDR
               S01:000004C0:  13 F0 00 00 40 00 00 17
F03:0057       	.loop1:
F03:0058       		btst.b #7, MFP_TSR
               S01:000004C8:  08 39 00 07 40 00 00 16
F03:0059       		beq.w .loop1
               S01:000004D0:  67 00 FF F6
F03:0060       
F03:0061       		move.w (4, A7), D0
               S01:000004D4:  30 2F 00 04
F03:0062       		andi.w #$000f, D0
               S01:000004D8:  02 40 00 0F
F03:0063       		move.b (0,A0,D0), MFP_UDR
               S01:000004DC:  13 F0 00 00 40 00 00 17
F03:0064       
F03:0065       		rts
               S01:000004E4:  4E 75
F03:0066       
F03:0067       ;writes 16 bit int to serial as hexadecimal
F03:0068       SerialWriteHex16: ;void (int number)
F03:0069       		move.w (4, A7), D0
               S01:000004E6:  30 2F 00 04
F03:0070       		andi.w #$ff00, D0
               S01:000004EA:  02 40 FF 00
F03:0071       		lsr.w #8, D0
               S01:000004EE:  E0 48
F03:0072       		move.w D0, -(A7)
               S01:000004F0:  3F 00
F03:0073       		bsr.w SerialWriteHex8
               S01:000004F2:  61 00 FF B2
F03:0074       		addq.l #2, A7
               S01:000004F6:  54 8F
F03:0075       
F03:0076       		move.w (4, A7), D0
               S01:000004F8:  30 2F 00 04
F03:0077       		andi.w #$00ff, D0
               S01:000004FC:  02 40 00 FF
F03:0078       		move.w D0, -(A7)
               S01:00000500:  3F 00
F03:0079       		bsr.w SerialWriteHex8
               S01:00000502:  61 00 FF A2
F03:0080       		addq.l #2, A7
               S01:00000506:  54 8F
F03:0081       
F03:0082       		rts
               S01:00000508:  4E 75
F03:0083       
F03:0084       ;writes 32 bit int to serial as hexadecimal
F03:0085       SerialWriteHex32: ;void (long number)
F03:0086       		move.w (6, A7), D0
               S01:0000050A:  30 2F 00 06
F03:0087       		move.w D0, -(A7)
               S01:0000050E:  3F 00
F03:0088       		bsr.w SerialWriteHex16
               S01:00000510:  61 00 FF D4
F03:0089       		addq.l #2, A7
               S01:00000514:  54 8F
F03:0090       
F03:0091       		move.w (4, A7), D0
               S01:00000516:  30 2F 00 04
F03:0092       		move.w D0, -(A7)
               S01:0000051A:  3F 00
F03:0093       		bsr.w SerialWriteHex16
               S01:0000051C:  61 00 FF C8
F03:0094       		addq.l #2, A7
               S01:00000520:  54 8F
F03:0095       
F03:0096       		rts
               S01:00000522:  4E 75
F03:0097       
F03:0098       ;writes 32 bit int to serial as decimal
F03:0099       SerialWriteDec32: ;void (long number)
F03:0100       		move.l (4, A7), D0
               S01:00000524:  20 2F 00 04
F03:0101       		move.l D2, -(A7)
               S01:00000528:  2F 02
F03:0102       		clr.l D2
               S01:0000052A:  74 00
F03:0103       		clr.l D1
               S01:0000052C:  72 00
F03:0104       
F03:0105       	.divLoop:
F03:0106       		cmpi.l #0, D0
               S01:0000052E:  4A 80
F03:0107       		beq .display
               S01:00000530:  67 0E
F03:0108       		divul.l #10, D1:D0
               S01:00000532:  4C 7C 00 01 00 00 00 0A
F03:0109       		move.w D1, -(A7)
               S01:0000053A:  3F 01
F03:0110       		addq.w #1, D2
               S01:0000053C:  52 42
F03:0111       		bra .divLoop
               S01:0000053E:  60 EE
F03:0112       
F03:0113       	.display:
F03:0114       		cmpi.w #0, D2
               S01:00000540:  4A 42
F03:0115       		beq .return
               S01:00000542:  67 1E
F03:0116       		move.w (A7)+, D0
               S01:00000544:  30 1F
F03:0117       		addi.b #'0', D0
               S01:00000546:  06 00 00 30
F03:0118       	.waitMfp:
F03:0119       		btst.b #7, MFP_TSR
               S01:0000054A:  08 39 00 07 40 00 00 16
F03:0120               beq.w .waitMfp
               S01:00000552:  67 00 FF F6
F03:0121       		move.b D0, MFP_UDR
               S01:00000556:  13 C0 40 00 00 17
F03:0122       		subq #1, D2
               S01:0000055C:  53 42
F03:0123       		bra.w .display
               S01:0000055E:  60 00 FF E0
F03:0124       
F03:0125       	.return:
F03:0126       		move.l (A7)+, D2
               S01:00000562:  24 1F
F03:0127       		rts
               S01:00000564:  4E 75
F03:0128       
F03:0129       ;writes 16 bit int to serial as decimal
F03:0130       SerialWriteDec16: ;void (int number)
F03:0131       		clr.l D0
               S01:00000566:  70 00
F03:0132       		move.w (4, A7), D0
               S01:00000568:  30 2F 00 04
F03:0133       		move.l D0, -(A7)
               S01:0000056C:  2F 00
F03:0134       		bsr.w SerialWriteDec32
               S01:0000056E:  61 00 FF B4
F03:0135       		addq.l #4, A7
               S01:00000572:  58 8F
F03:0136       		rts
               S01:00000574:  4E 75
F03:0137       
F03:0138       ;interrupt handler for serial receiver
F03:0139       SerialRXHandler: ;void ()
F03:0140       
F03:0141       		move.l D0, -(A7)
               S01:00000576:  2F 00
F03:0142       		move.l D1, -(A7)
               S01:00000578:  2F 01
F03:0143       		move.l A0, -(A7)
               S01:0000057A:  2F 08
F03:0144       
F03:0145       		move.l #__SerialRingbuffer, A0
               S01:0000057C:  20 7C 10 00 00 00
F03:0146       		move.w __SerialRBWrite, D0
               S01:00000582:  30 39 10 00 02 02
F03:0147       		move.b MFP_UDR, D1
               S01:00000588:  12 39 40 00 00 17
F03:0148       		move.b D1, MFP_UDR
               S01:0000058E:  13 C1 40 00 00 17
F03:0149       		andi.w #$00ff, D1
               S01:00000594:  02 41 00 FF
F03:0150       		move.w D1, (0, A0, D0.w*2)
               S01:00000598:  31 81 02 00
F03:0151       		addq.w #1, D0
               S01:0000059C:  52 40
F03:0152       		andi.w #$00ff, D0
               S01:0000059E:  02 40 00 FF
F03:0153       		move.w D0, __SerialRBWrite
               S01:000005A2:  33 C0 10 00 02 02
F03:0154       
F03:0155       		move.l (A7)+, A0
               S01:000005A8:  20 5F
F03:0156       		move.l (A7)+, D1
               S01:000005AA:  22 1F
F03:0157       		move.l (A7)+, D0
               S01:000005AC:  20 1F
F03:0158       		rte
               S01:000005AE:  4E 73
F03:0159       
F03:0160       ;returns the number of characters to read from the ringbuffer
F03:0161       SerialAvailable: ;int ()
F03:0162       		move.w __SerialRBWrite, D0
               S01:000005B0:  30 39 10 00 02 02
F03:0163       		move.w __SerialRBRead, D1
               S01:000005B6:  32 39 10 00 02 00
F03:0164       		sub.w D1, D0
               S01:000005BC:  90 41
F03:0165       		andi.w #$00ff, D0
               S01:000005BE:  02 40 00 FF
F03:0166       		rts
               S01:000005C2:  4E 75
F03:0167       
F03:0168       ;read a character from the ringbuffer, returns zero if buffer empty
F03:0169       SerialRead: ;int ()
F03:0170       		bsr SerialAvailable
               S01:000005C4:  61 EA
F03:0171       		cmp.w #0, D0
               S01:000005C6:  4A 40
F03:0172       		beq .return ;no data in the buffer, return
               S01:000005C8:  67 10
F03:0173       
F03:0174       		move.w (__SerialRBRead), D0
               S01:000005CA:  30 39 10 00 02 00
F03:0175       		move.l __SerialRingbuffer, A0
               S01:000005D0:  20 79 10 00 00 00
F03:0176       		move.w (0, A0, D0.w*2), D0
               S01:000005D6:  30 30 02 00
F03:0177       
F03:0178       	.return:
F03:0179       		rts
               S01:000005DA:  4E 75
F03:0180       
F03:0181       SerialHexdump: ;void (char*, int length)
F03:0182       		move.w (4, A7), D0
               S01:000005DC:  30 2F 00 04
F03:0183       		move.l (6, A7), A0
               S01:000005E0:  20 6F 00 06
F03:0184       
F03:0185       		clr.l D1 ;counter
               S01:000005E4:  72 00
F03:0186       		move.l D2, -(A7)
               S01:000005E6:  2F 02
F03:0187       	.lineLoop:
F03:0188       		cmp.w D0, D1
               S01:000005E8:  B2 40
F03:0189       		beq.w .exit
               S01:000005EA:  67 00 00 6A
F03:0190       
F03:0191       		move.l D0, -(A7)
               S01:000005EE:  2F 00
F03:0192       		move.l D1, -(A7)
               S01:000005F0:  2F 01
F03:0193       		move.l A0, -(A7)
               S01:000005F2:  2F 08
F03:0194       
F03:0195       		move.l #.text+1, -(A7)
               S01:000005F4:  2F 3C 00 00 06 5B
F03:0196       		bsr SerialWrite
               S01:000005FA:  61 00 FE 60
F03:0197       		addq.l #4, A7
               S01:000005FE:  58 8F
F03:0198       		move.l (A7), A0
               S01:00000600:  20 57
F03:0199       
F03:0200       		;lea.l (A0, D1), -(A7)
F03:0201       		move.l A0, -(A7)
               S01:00000602:  2F 08
F03:0202       		add.l D1, (A7)
               S01:00000604:  D3 97
F03:0203       
F03:0204       		bsr SerialWriteHex32
               S01:00000606:  61 00 FF 02
F03:0205       		addq.l #4, A7
               S01:0000060A:  58 8F
F03:0206       
F03:0207       		move.w ':', -(A7)
               S01:0000060C:  3F 38 00 3A
F03:0208                       bsr SerialWriteChar
               S01:00000610:  61 00 FE 6C
F03:0209                       addq.l #2, A7
               S01:00000614:  54 8F
F03:0210       
F03:0211       		move.l (A7)+, A0
               S01:00000616:  20 5F
F03:0212       		move.l (A7)+, D1
               S01:00000618:  22 1F
F03:0213       		move.l (A7)+, D0
               S01:0000061A:  20 1F
F03:0214       
F03:0215       		clr.l D2 ;line counter
               S01:0000061C:  74 00
F03:0216       	.outLoop:
F03:0217       		cmp.w D0, D1
               S01:0000061E:  B2 40
F03:0218       		beq.w .exit
               S01:00000620:  67 00 00 34
F03:0219       		move.l A0, -(A7)
               S01:00000624:  2F 08
F03:0220       		move.l #.text, -(A7)
               S01:00000626:  2F 3C 00 00 06 5A
F03:0221       		bsr SerialWrite
               S01:0000062C:  61 00 FE 2E
F03:0222       		addq.l #4, A7
               S01:00000630:  58 8F
F03:0223       		move.l (A7)+, A0
               S01:00000632:  20 5F
F03:0224       
F03:0225       		move.l D2, -(A7)
               S01:00000634:  2F 02
F03:0226       		clr.w D2
               S01:00000636:  42 42
F03:0227       		move.b (A0, D1), D2
               S01:00000638:  14 30 10 00
F03:0228       		move.w D2, -(A7)
               S01:0000063C:  3F 02
F03:0229       		bsr SerialWriteHex8
               S01:0000063E:  61 00 FE 66
F03:0230       		addq.l #2, A7
               S01:00000642:  54 8F
F03:0231       		move.l (A7)+, D2
               S01:00000644:  24 1F
F03:0232       
F03:0233       		addq.w #1, D1
               S01:00000646:  52 41
F03:0234       		addq.w #1, D2
               S01:00000648:  52 42
F03:0235       
F03:0236       		cmpi.w #$00f0, D2
               S01:0000064A:  0C 42 00 F0
F03:0237       		bne.w .outLoop
               S01:0000064E:  66 00 FF CE
F03:0238       
F03:0239       		bra.w .lineLoop
               S01:00000652:  60 00 FF 94
F03:0240       	.exit:
F03:0241       		move.l (A7)+, D2
               S01:00000656:  24 1F
F03:0242       		rts
               S01:00000658:  4E 75
F03:0243       	.text:
F03:0244       		dc.b " 0x", $00
               S01:0000065A:  20 30 78
               S01:0000065D:  00
F03:0245       
F03:0246       
F03:0247       
F00:0007       .include "ide.asm"
F04:0001       IdeInit:
F04:0002       		rts
               S01:0000065E:  4E 75
F04:0003       
F00:0008       .include "updater.asm"
F05:0001       UpdaterInit:
F05:0002               move.l #.text0, -(A7)
               S01:00000660:  2F 3C 00 00 06 92
F05:0003               bsr SerialWrite
               S01:00000666:  61 00 FD F4
F05:0004               addq.l #4, A7
               S01:0000066A:  58 8F
F05:0005               move.l #.payload_start, A0
               S01:0000066C:  30 7C 06 BC
F05:0006               move.l #RAM_BASE, A1
               S01:00000670:  22 7C 10 00 00 00
F05:0007           .loop:
F05:0008               move.l (A0)+, (A1)+
               S01:00000676:  22 D8
F05:0009               cmpa.l #.payload_end, A0
               S01:00000678:  B0 FC 0A 98
F05:0010               bls.w .loop
               S01:0000067C:  63 00 FF F8
F05:0011       
F05:0012               move.l #.text1, -(A7)
               S01:00000680:  2F 3C 00 00 06 AA
F05:0013               bsr SerialWrite
               S01:00000686:  61 00 FD D4
F05:0014               addq.l #4, A7
               S01:0000068A:  58 8F
F05:0015       
F05:0016               jmp RAM_BASE
               S01:0000068C:  4E F9 10 00 00 00
F05:0017       
F05:0018           .text0:
F05:0019               dc.b "loading payload to RAM\n", $00
               S01:00000692:  6C 6F 61 64 69 6E 67 20 70 61 79 6C 6F 61 64 20
               S01:000006A2:  74 6F 20 52 41 4D 0A
               S01:000006A9:  00
F05:0020           .text1:
F05:0021               dc.b "calling payload\n", $00
               S01:000006AA:  63 61 6C 6C 69 6E 67 20 70 61 79 6C 6F 61 64 0A
               S01:000006BA:  00
F05:0022       
F05:0023               even
F05:0024           .payload_start:
F05:0025               .incbin "../build/updaterPayload.bin"
               S01:000006BC:  61 00 01 7A 41 FA 01 58 2F 08 61 00 01 AA 58 4F
               S01:000006CC:  70 00 61 00 01 DC 3F 00 61 00 01 BE 30 1F 0C 00
F05:0026           .payload_end:
F00:0009       .include "compostfetch.asm"
F06:0001       CompostFetch:
F06:0002               dc.b "\n\n"
               S01:00000A98:  0A 0A
F06:0003       		dc.b "\e[32m", "c.                                    .:   root", "\e[97m", "@", "\e[32m", "compostbin\n"
               S01:00000A9A:  1B 5B 33 32 6D
               S01:00000A9F:  63 2E 20 20 20 20 20 20 20 20 20 20 20 20 20 20
               S01:00000AAF:  20 20 20 20 20 20 20 20 20 20 20 20 20 20 20 20
               S01:00000ABF:  1B 5B 39 37 6D
               S01:00000AC4:  40
               S01:00000AC5:  1B 5B 33 32 6D
               S01:00000ACA:  63 6F 6D 70 6F 73 74 62 69 6E 0A
F06:0004       		dc.b "\e[32m", "00l.                                .;kK   ", "\e[97m", "---------------\n"
               S01:00000AE4:  1B 5B 33 32 6D
               S01:00000AE9:  30 30 6C 2E 20 20 20 20 20 20 20 20 20 20 20 20
               S01:00000AF9:  20 20 20 20 20 20 20 20 20 20 20 20 20 20 20 20
               S01:00000B09:  1B 5B 39 37 6D
               S01:00000B0E:  2D 2D 2D 2D 2D 2D 2D 2D 2D 2D 2D 2D 2D 2D 2D 0A
F06:0005       		dc.b "\e[32m", "xNWXd,                            .:ONWO   OS: ", "\e[97m", "Comp!_OSt 1.00Alpha m68k_020\n"
               S01:00000B29:  1B 5B 33 32 6D
               S01:00000B2E:  78 4E 57 58 64 2C 20 20 20 20 20 20 20 20 20 20
               S01:00000B3E:  20 20 20 20 20 20 20 20 20 20 20 20 20 20 20 20
               S01:00000B4E:  1B 5B 39 37 6D
               S01:00000B53:  43 6F 6D 70 21 5F 4F 53 74 20 31 2E 30 30 41 6C
               S01:00000B63:  70 68 61 20 6D 36 38 6B 5F 30 32 30 0A
F06:0006       		dc.b "\e[32m", "':dXWNk:.                       .l0WNOc,   Host: ", "\e[97m", "Computronics MEGASYSTEM 020\n"
               S01:00000B7F:  1B 5B 33 32 6D
               S01:00000B84:  27 3A 64 58 57 4E 6B 3A 2E 20 20 20 20 20 20 20
               S01:00000B94:  20 20 20 20 20 20 20 20 20 20 20 20 20 20 20 20
               S01:00000BA4:  1B 5B 39 37 6D
               S01:00000BA9:  43 6F 6D 70 75 74 72 6F 6E 69 63 73 20 4D 45 47
               S01:00000BB9:  41 53 59 53 54 45 4D 20 30 32 30 0A
F06:0007       		dc.b "\e[32m", "Ok:;l0WW0o'                   'oKWNx:;d0   Kernel: ", "\e[97m", "0.00.3-00-beedroot\n"
               S01:00000BD6:  1B 5B 33 32 6D
               S01:00000BDB:  4F 6B 3A 3B 6C 30 57 57 30 6F 27 20 20 20 20 20
               S01:00000BEB:  20 20 20 20 20 20 20 20 20 20 20 20 20 20 27 6F
               S01:00000BFB:  1B 5B 39 37 6D
               S01:00000C00:  30 2E 30 30 2E 33 2D 30 30 2D 62 65 65 64 72 6F
               S01:00000C10:  6F 74 0A
F06:0008       		dc.b "\e[32m", "OWW0l;ckNWXx;.              ,dXWXd::dXWK   Uptime: ", "\e[97m", "NaN\n"
               S01:00000C26:  1B 5B 33 32 6D
               S01:00000C2B:  4F 57 57 30 6C 3B 63 6B 4E 57 58 78 3B 2E 20 20
               S01:00000C3B:  20 20 20 20 20 20 20 20 20 20 20 20 2C 64 58 57
               S01:00000C4B:  1B 5B 39 37 6D
               S01:00000C50:  4E 61 4E 0A
F06:0009       		dc.b "\e[32m", "'cONWKd:;dKWNOc.          ;xNWKo;:kNWKo,   Packages: ", "\e[97m", "0\n"
               S01:00000C67:  1B 5B 33 32 6D
               S01:00000C6C:  27 63 4F 4E 57 4B 64 3A 3B 64 4B 57 4E 4F 63 2E
               S01:00000C7C:  20 20 20 20 20 20 20 20 20 20 3B 78 4E 57 4B 6F
               S01:00000C8C:  1B 5B 39 37 6D
               S01:00000C91:  30 0A
F06:0010       		dc.b "\e[32m", "xo;:xXWNkc;lOWWKo'     .:kNW0l;cONW0l;cx   Shell: ", "\e[97m", "comp!_OSt shell 0.0.1\n"
               S01:00000CA8:  1B 5B 33 32 6D
               S01:00000CAD:  78 6F 3B 3A 78 58 57 4E 6B 63 3B 6C 4F 57 57 4B
               S01:00000CBD:  6F 27 20 20 20 20 20 2E 3A 6B 4E 57 30 6C 3B 63
               S01:00000CCD:  1B 5B 39 37 6D
               S01:00000CD2:  63 6F 6D 70 21 5F 4F 53 74 20 73 68 65 6C 6C 20
               S01:00000CE2:  30 2E 30 2E 31 0A
F06:0011       		dc.b "\e[32m", "0WXx:;o0WW0o;:xXWXx;..cOWWOc;l0WNOc;l0WX   Resolution: ", "\e[97m", "NaN\n"
               S01:00000CFA:  1B 5B 33 32 6D
               S01:00000CFF:  30 57 58 78 3A 3B 6F 30 57 57 30 6F 3B 3A 78 58
               S01:00000D0F:  57 58 78 3B 2E 2E 63 4F 57 57 4F 63 3B 6C 30 57
               S01:00000D1F:  1B 5B 39 37 6D
               S01:00000D24:  4E 61 4E 0A
F06:0012       		dc.b "\e[32m", ",oKWNOl;ckNWXd:;oKWXkONNkc;oKWNk:;oKWNx;   DE: ", "\e[97m", "tty\n"
               S01:00000D3F:  1B 5B 33 32 6D
               S01:00000D44:  2C 6F 4B 57 4E 4F 6C 3B 63 6B 4E 57 58 64 3A 3B
               S01:00000D54:  6F 4B 57 58 6B 4F 4E 4E 6B 63 3B 6F 4B 57 4E 6B
               S01:00000D64:  1B 5B 39 37 6D
               S01:00000D69:  74 74 79 0A
F06:0013       		dc.b "\e[32m", "oc;cONWKo;:dKWNkc;cddxd:;dKWXx::dXWXd;:o   WM: ", "\e[97m", "NaN\n"
               S01:00000D7C:  1B 5B 33 32 6D
               S01:00000D81:  6F 63 3B 63 4F 4E 57 4B 6F 3B 3A 64 4B 57 4E 6B
               S01:00000D91:  63 3B 63 64 64 78 64 3A 3B 64 4B 57 58 78 3A 3A
               S01:00000DA1:  1B 5B 39 37 6D
               S01:00000DA6:  4E 61 4E 0A
F06:0014       		dc.b "\e[32m", "KW0o;:xXWXk:;l0WW0o,.';xXWKd;:xXWKo;:kNN   Terminal: ", "\e[97m", "MC68901P\n"
               S01:00000DB9:  1B 5B 33 32 6D
               S01:00000DBE:  4B 57 30 6F 3B 3A 78 58 57 58 6B 3A 3B 6C 30 57
               S01:00000DCE:  57 30 6F 2C 2E 27 3B 78 58 57 4B 64 3B 3A 78 58
               S01:00000DDE:  1B 5B 39 37 6D
               S01:00000DE3:  4D 43 36 38 39 30 31 50 0A
F06:0015       		dc.b "\e[32m", ";kNWXx:;o0WW0l;ckNWKxkXW0o;ckNW0l;cONW0c   CPU: ", "\e[97m", "Motorola MC68020RC16B (1) @ 16.00Mhz\n" 
               S01:00000E01:  1B 5B 33 32 6D
               S01:00000E06:  3B 6B 4E 57 58 78 3A 3B 6F 30 57 57 30 6C 3B 63
               S01:00000E16:  6B 4E 57 4B 78 6B 58 57 30 6F 3B 63 6B 4E 57 30
               S01:00000E26:  1B 5B 39 37 6D
               S01:00000E2B:  4D 6F 74 6F 72 6F 6C 61 20 4D 43 36 38 30 32 30
               S01:00000E3B:  52 43 31 36 42 20 28 31 29 20 40 20 31 36 2E 30
F06:0016       		dc.b "\e[32m", "  ,dKWNOc;ckNWKd:;dkkOkl;lOWWOc;l0WNO:.    GPU: ", "\e[97m", "NaN\n"
               S01:00000E60:  1B 5B 33 32 6D
               S01:00000E65:  20 20 2C 64 4B 57 4E 4F 63 3B 63 6B 4E 57 4B 64
               S01:00000E75:  3A 3B 64 6B 6B 4F 6B 6C 3B 6C 4F 57 57 4F 63 3B
               S01:00000E85:  1B 5B 39 37 6D
               S01:00000E8A:  4E 61 4E 0A
F06:0017       		dc.b "\e[32m", "    .cOWWKo;:dXWNkc,.',o0WNk:;oKWNx;.      Memory: ", "\e[97m", "156KiB / 1024 KiB\n"
               S01:00000E9E:  1B 5B 33 32 6D
               S01:00000EA3:  20 20 20 20 2E 63 4F 57 57 4B 6F 3B 3A 64 58 57
               S01:00000EB3:  4E 6B 63 2C 2E 27 2C 6F 30 57 4E 6B 3A 3B 6F 4B
               S01:00000EC3:  1B 5B 39 37 6D
               S01:00000EC8:  31 35 36 4B 69 42 20 2F 20 31 30 32 34 20 4B 69
               S01:00000ED8:  42 0A
F06:0018       		dc.b "\e[32m", "      .;xXWXx:;l0WWOodKWXx:;dXWXd,         \n"
               S01:00000EED:  1B 5B 33 32 6D
               S01:00000EF2:  20 20 20 20 20 20 2E 3B 78 58 57 58 78 3A 3B 6C
               S01:00000F02:  30 57 57 4F 6F 64 4B 57 58 78 3A 3B 64 58 57 58
F06:0019       		dc.b "\e[32m", "         'oKWNOl;ck0000d;:xXWKo'           \e[30mâ–ˆâ–ˆâ–ˆ\e[31mâ–ˆâ–ˆâ–ˆ\e[32mâ–ˆâ–ˆâ–ˆ\e[33mâ–ˆâ–ˆâ–
               S01:00000F1E:  1B 5B 33 32 6D
               S01:00000F23:  20 20 20 20 20 20 20 20 20 27 6F 4B 57 4E 4F 6C
               S01:00000F33:  3B 63 6B 30 30 30 30 64 3B 3A 78 58 57 4B 6F 27
F06:0020       		dc.b "\e[32m", "           .cONWKd;,,,,ckNW0l.             \e[90mâ–ˆâ–ˆâ–ˆ\e[91mâ–ˆâ–ˆâ–ˆ\e[92mâ–ˆâ–ˆâ–ˆ\e[93mâ–ˆâ–ˆâ–
               S01:00000FBF:  1B 5B 33 32 6D
               S01:00000FC4:  20 20 20 20 20 20 20 20 20 20 20 2E 63 4F 4E 57
               S01:00000FD4:  4B 64 3B 2C 2C 2C 2C 63 6B 4E 57 30 6C 2E 20 20
F06:0021       		dc.b "\e[32m", "             .;xXWNxclOWWOc.               \n"
               S01:00001060:  1B 5B 33 32 6D
               S01:00001065:  20 20 20 20 20 20 20 20 20 20 20 20 20 2E 3B 78
               S01:00001075:  58 57 4E 78 63 6C 4F 57 57 4F 63 2E 20 20 20 20
F06:0022       		dc.b "\e[32m", "                'o0K0KXk:.                 \n"
               S01:00001091:  1B 5B 33 32 6D
               S01:00001096:  20 20 20 20 20 20 20 20 20 20 20 20 20 20 20 20
               S01:000010A6:  27 6F 30 4B 30 4B 58 6B 3A 2E 20 20 20 20 20 20
F06:0023       		dc.b "\e[32m", "                  'oxxc.                   \n\n"
               S01:000010C2:  1B 5B 33 32 6D
               S01:000010C7:  20 20 20 20 20 20 20 20 20 20 20 20 20 20 20 20
               S01:000010D7:  20 20 27 6F 78 78 63 2E 20 20 20 20 20 20 20 20
F06:0024       		dc.b "\e[92m", "root@compostbin", "\e[97m", ":", "\e[94m", "~", "\e[97m", "$ ", $00
               S01:000010F4:  1B 5B 39 32 6D
               S01:000010F9:  72 6F 6F 74 40 63 6F 6D 70 6F 73 74 62 69 6E
               S01:00001108:  1B 5B 39 37 6D
               S01:0000110D:  3A
               S01:0000110E:  1B 5B 39 34 6D
               S01:00001113:  7E
               S01:00001114:  1B 5B 39 37 6D
               S01:00001119:  24 20
               S01:0000111B:  00
F06:0025               even
F00:0010       
F00:0011       Main:
F00:0012       		bsr SerialInit
               S01:0000111C:  61 00 F2 EC
F00:0013       
F00:0014       		bclr #2, MFP_DDR
               S01:00001120:  08 B9 00 02 40 00 00 02
F00:0015       		btst #2, MFP_GPDR ;test if userinterrupt button is pressed
               S01:00001128:  08 39 00 02 40 00 00 00
F00:0016       		beq UpdaterInit ;if pressed jump to updater
               S01:00001130:  67 00 F5 2E
F00:0017       
F00:0018       		move.l #CompostFetch, -(A7)
               S01:00001134:  2F 3C 00 00 0A 98
F00:0019       		bsr SerialWrite
               S01:0000113A:  61 00 F3 20
F00:0020       		addq.l #4, A7
               S01:0000113E:  58 8F
F00:0021       
F00:0022       		move.l #.text0, -(A7)
               S01:00001140:  2F 3C 00 00 11 6A
F00:0023       		bsr SerialWrite
               S01:00001146:  61 00 F3 14
F00:0024       		addq.l #4, A7
               S01:0000114A:  58 8F
F00:0025       
F00:0026       		andi.w #$f8ff, SR
               S01:0000114C:  02 7C F8 FF
F00:0027       
F00:0028       		bsr getBootblockCount
               S01:00001150:  61 00 01 70
F00:0029       		move.l D0, D2 ;move bootblock count to trash proof register
               S01:00001154:  24 00
F00:0030       		move.l D0, -(A7)
               S01:00001156:  2F 00
F00:0031       		bsr SerialWriteDec32
               S01:00001158:  61 00 F3 CA
F00:0032       		addq.l #4, A7
               S01:0000115C:  58 8F
F00:0033       
F00:0034       	.loop:
F00:0035       		move.w IDE1_BASE, D0
               S01:0000115E:  30 39 30 00 00 00
F00:0036       		bra.l .loop
               S01:00001164:  60 FF FF FF FF F8
F00:0037       
F00:0038       	.text0:
F00:0039       	;ascii text font Doom (www.coolgenerator.com/ascii-text-generator)
F00:0040       		dc.b "\n\n"
               S01:0000116A:  0A 0A
F00:0041                       dc.b "\e[91m", "______ _____ _____ _____  _____  _____  _____\n"
               S01:0000116C:  1B 5B 39 31 6D
               S01:00001171:  5F 5F 5F 5F 5F 5F 20 5F 5F 5F 5F 5F 20 5F 5F 5F
               S01:00001181:  5F 5F 20 5F 5F 5F 5F 5F 20 20 5F 5F 5F 5F 5F 20
F00:0042                       dc.b "\e[92m", "| ___ \\_   _|  _  /  ___||  _  |/ __  \\|  _  |\n"
               S01:0000119F:  1B 5B 39 32 6D
               S01:000011A4:  7C 20 5F 5F 5F 20 5C 5F 20 20 20 5F 7C 20 20 5F
               S01:000011B4:  20 20 2F 20 20 5F 5F 5F 7C 7C 20 20 5F 20 20 7C
F00:0043                       dc.b "\e[93m", "| |_/ / | | | | | \\ `--. | |/' |`' / /'| |/' |\n"
               S01:000011D3:  1B 5B 39 33 6D
               S01:000011D8:  7C 20 7C 5F 2F 20 2F 20 7C 20 7C 20 7C 20 7C 20
               S01:000011E8:  7C 20 5C 20 60 2D 2D 2E 20 7C 20 7C 2F 27 20 7C
F00:0044                       dc.b "\e[94m", "| ___ \\ | | | | | |`--. \\|  /| |  / /  |  /| |\n"
               S01:00001207:  1B 5B 39 34 6D
               S01:0000120C:  7C 20 5F 5F 5F 20 5C 20 7C 20 7C 20 7C 20 7C 20
               S01:0000121C:  7C 20 7C 60 2D 2D 2E 20 5C 7C 20 20 2F 7C 20 7C
F00:0045                       dc.b "\e[95m", "| |_/ /_| |_\\ \\_/ /\\__/ /\\ |_/ /./ /___\\ |_/ /\n"
               S01:0000123B:  1B 5B 39 35 6D
               S01:00001240:  7C 20 7C 5F 2F 20 2F 5F 7C 20 7C 5F 5C 20 5C 5F
               S01:00001250:  2F 20 2F 5C 5F 5F 2F 20 2F 5C 20 7C 5F 2F 20 2F
F00:0046                       dc.b "\e[96m", "\\____/ \\___/ \\___/\\____/  \\___/ \\_____/ \\___/"
               S01:0000126F:  1B 5B 39 36 6D
               S01:00001274:  5C 5F 5F 5F 5F 2F 20 5C 5F 5F 5F 2F 20 5C 5F 5F
               S01:00001284:  5F 2F 5C 5F 5F 5F 5F 2F 20 20 5C 5F 5F 5F 2F 20
F00:0047                       dc.b "\e[0m\n\n"
               S01:000012A1:  1B 5B 30 6D 0A 0A
F00:0048                       dc.b "\e[1m", "Bootblocks found:", "\e[0m", $00
               S01:000012A7:  1B 5B 31 6D
               S01:000012AB:  42 6F 6F 74 62 6C 6F 63 6B 73 20 66 6F 75 6E 64
               S01:000012BB:  3A
               S01:000012BC:  1B 5B 30 6D
               S01:000012C0:  00
F00:0049       	even
F00:0050       
F00:0051       getBootblockCount:
F00:0052       		move.l #12345, D0
               S01:000012C2:  20 3C 00 00 30 39
F00:0053       		rts
               S01:000012C8:  4E 75
F00:0054       
F00:0055       
F00:0056       BIOS_END:
F00:0057       ;Alignment hack because madmac does not support alignment to an arbitary size
F00:0058       ;This align is needed because right after the bios follows the first bootblock but that has to be aligned to 256 bytes b
F00:0059       ;(actually 128 bytes per page but because we use two eeproms (29ee010) in tandem the page size is twice as large)
F00:0060       ;If the target to compile to has a different page size this has to be changed
F00:0061       if ((BIOS_END & $ff) != 0) ;check if alligned to 256 byte boundry
F00:0062       	ds.b 256 - (BIOS_END & $ff) ;if not alligned then add filler
F00:0063       endif
F00:0064       print "BIOS_END: ", /d/l BIOS_END
F00:0065       
F00:0066       FIRST_BOOTBLOCK:
F00:0067       ;the first bootblock starts here
F00:0068       print "FIRST_BOOTBLOCK: ", /d/l FIRST_BOOTBLOCK
F00:0069       print "Filled bytes: ", /d FIRST_BOOTBLOCK - BIOS_END
F00:0070       
F00:0071       .include "ramdefs.asm"
F07:0001       abs RAM_BASE
F07:0002       
F07:0003       __SerialRingbuffer: ;clean ringbuffer
F07:0004       		ds.w 256
F07:0005       __SerialRBRead: ;read index into ringbuffer
F07:0006       		ds.w 1
F07:0007       __SerialRBWrite: ;write index into ringbuffer
F07:0008       		ds.w 1
F07:0009       
F00:0072       


Sections:
S01  seg0


Sources:
F00  main.asm
F01  system.asm
F02  vector.asm
F03  serial.asm
F04  ide.asm
F05  updater.asm
F06  compostfetch.asm
F07  ramdefs.asm


Symbols:
FIRST_BOOTBLOCK EXPR(4864=0x1300) ABS 
BIOS_END EXPR(4810=0x12ca) ABS 
 Main .loop EXPR(4446=0x115e) ABS 
getBootblockCount EXPR(4802=0x12c2) ABS 
 Main .text0 EXPR(4458=0x116a) ABS 
CompostFetch EXPR(2712=0xa98) ABS 
 UpdaterInit .text1 EXPR(1706=0x6aa) ABS 
 UpdaterInit .payload_end EXPR(2712=0xa98) ABS 
 UpdaterInit .loop EXPR(1654=0x676) ABS 
 UpdaterInit .payload_start EXPR(1724=0x6bc) ABS 
 UpdaterInit .text0 EXPR(1682=0x692) ABS 
UpdaterInit EXPR(1632=0x660) ABS 
IdeInit EXPR(1630=0x65e) UNUSED ABS 
 SerialHexdump .outLoop EXPR(1566=0x61e) ABS 
 SerialHexdump .text EXPR(1626=0x65a) ABS 
 SerialHexdump .exit EXPR(1622=0x656) ABS 
 SerialHexdump .lineLoop EXPR(1512=0x5e8) ABS 
SerialHexdump EXPR(1500=0x5dc) UNUSED ABS 
 SerialRead .return EXPR(1498=0x5da) ABS 
SerialRead EXPR(1476=0x5c4) UNUSED ABS 
__SerialRBRead EXPR(268435968=0x10000200) 
SerialAvailable EXPR(1456=0x5b0) ABS 
__SerialRBWrite EXPR(268435970=0x10000202) 
__SerialRingbuffer EXPR(268435456=0x10000000) 
SerialWriteDec16 EXPR(1382=0x566) UNUSED ABS 
 SerialWriteDec32 .waitMfp EXPR(1354=0x54a) ABS 
 SerialWriteDec32 .return EXPR(1378=0x562) ABS 
 SerialWriteDec32 .display EXPR(1344=0x540) ABS 
 SerialWriteDec32 .divLoop EXPR(1326=0x52e) ABS 
SerialWriteDec32 EXPR(1316=0x524) ABS 
SerialWriteHex32 EXPR(1290=0x50a) ABS 
SerialWriteHex16 EXPR(1254=0x4e6) ABS 
 SerialWriteHex8 .loop1 EXPR(1224=0x4c8) ABS 
 SerialWriteHex8 .loop0 EXPR(1194=0x4aa) ABS 
SerialWriteHex8 EXPR(1190=0x4a6) ABS 
__SerialHexTable EXPR(1174=0x496) ABS 
SerialWriteChar EXPR(1150=0x47e) ABS 
 SerialWrite .return EXPR(1148=0x47c) ABS 
 SerialWrite .loop EXPR(1120=0x460) ABS 
SerialWrite EXPR(1116=0x45c) ABS 
SerialInit EXPR(1034=0x40a) ABS 
SerialRXHandler EXPR(1398=0x576) ABS 
IgnoreInterrupt EXPR(1032=0x408) ABS 
FatalError EXPR(1024=0x400) ABS 
Main EXPR(4380=0x111c) ABS 
IDE_LBAH EXPR(536870922=0x2000000a) UNUSED EQU 
IDE_LBAM EXPR(536870920=0x20000008) UNUSED EQU 
IDE_LBAL EXPR(536870918=0x20000006) UNUSED EQU 
IDE_DRVA EXPR(805306382=0x3000000e) UNUSED EQU 
IDE_DIGO EXPR(805306380=0x3000000c) UNUSED EQU 
IDE_ASTAT EXPR(805306380=0x3000000c) UNUSED EQU 
IDE_CMD EXPR(536870926=0x2000000e) UNUSED EQU 
IDE_WP EXPR(536870914=0x20000002) UNUSED EQU 
IDE_STAT EXPR(536870926=0x2000000e) UNUSED EQU 
IDE_SDH EXPR(536870924=0x2000000c) UNUSED EQU 
IDE_CH EXPR(536870922=0x2000000a) UNUSED EQU 
IDE_CL EXPR(536870920=0x20000008) UNUSED EQU 
IDE_SN EXPR(536870918=0x20000006) UNUSED EQU 
IDE_SC EXPR(536870916=0x20000004) UNUSED EQU 
IDE_E EXPR(536870914=0x20000002) UNUSED EQU 
IDE_D EXPR(536870912=0x20000000) UNUSED EQU 
MFP_UDR EXPR(1073741847=0x40000017) EQU 
MFP_TSR EXPR(1073741846=0x40000016) EQU 
MFP_RSR EXPR(1073741845=0x40000015) EQU 
MFP_UCR EXPR(1073741844=0x40000014) EQU 
MFP_SCR EXPR(1073741843=0x40000013) UNUSED EQU 
MFP_TDDR EXPR(1073741842=0x40000012) EQU 
MFP_TCDR EXPR(1073741841=0x40000011) UNUSED EQU 
MFP_TBDR EXPR(1073741840=0x40000010) UNUSED EQU 
MFP_TADR EXPR(1073741839=0x4000000f) UNUSED EQU 
MFP_TCDCR EXPR(1073741838=0x4000000e) EQU 
MFP_TBCR EXPR(1073741837=0x4000000d) UNUSED EQU 
MFP_TACR EXPR(1073741836=0x4000000c) UNUSED EQU 
MFP_VR EXPR(1073741835=0x4000000b) EQU 
MFP_IMRB EXPR(1073741834=0x4000000a) UNUSED EQU 
MFP_IMRA EXPR(1073741833=0x40000009) EQU 
MFP_ISRB EXPR(1073741832=0x40000008) UNUSED EQU 
MFP_ISRA EXPR(1073741831=0x40000007) UNUSED EQU 
MFP_IPRB EXPR(1073741830=0x40000006) UNUSED EQU 
MFP_IPRA EXPR(1073741829=0x40000005) UNUSED EQU 
MFP_IERB EXPR(1073741828=0x40000004) UNUSED EQU 
MFP_IERA EXPR(1073741827=0x40000003) EQU 
MFP_DDR EXPR(1073741826=0x40000002) EQU 
MFP_AER EXPR(1073741825=0x40000001) UNUSED EQU 
MFP_GPDR EXPR(1073741824=0x40000000) EQU 
STACK_INIT EXPR(269484032=0x10100000) EQU 
IDE1_BASE EXPR(805306368=0x30000000) EQU 
IDE0_BASE EXPR(536870912=0x20000000) EQU 
MFP_BASE EXPR(1073741824=0x40000000) EQU 
RAM_PAGES EXPR(1024=0x400) UNUSED EQU 
RAM_TOP EXPR(269484032=0x10100000) EQU 
RAM_SIZE EXPR(1048576=0x100000) EQU 
RAM_BASE EXPR(268435456=0x10000000) EQU 
ROM_TOP EXPR(262144=0x40000) UNUSED EQU 
ROM_SIZE EXPR(262144=0x40000) EQU 
ROM_BASE EXPR(0=0x0) EQU 
_MOVEMBYTES EXPR(0=0x0) INTERNAL 
 MOVEMSIZE EXPR(0=0x0) INTERNAL 
_MOVEMREGS EXPR(0=0x0) INTERNAL 
__VASM EXPR(4=0x4) INTERNAL 
__UNIXFS EXPR(0=0x0) INTERNAL 

There have been no errors.
