F00:0001       .include "system.asm"
F01:0001       ;-----------------------------------------------------------------------------
F01:0002       ;Base definitions
F01:0003       ROM_BASE        = $00000000
F01:0004       ROM_SIZE        = $00040000
F01:0005       ROM_TOP         =  ROM_BASE + ROM_SIZE
F01:0006       
F01:0007       RAM_BASE        = $10000000
F01:0008       RAM_SIZE        = $00100000
F01:0009       RAM_TOP         = RAM_BASE + RAM_SIZE
F01:0010       RAM_PAGES       = RAM_SIZE / 1024
F01:0011       
F01:0012       MFP_BASE        = $40000000
F01:0013       
F01:0014       IDE0_BASE	= $20000000
F01:0015       IDE1_BASE	= $30000000
F01:0016       
F01:0017       STACK_INIT	= RAM_TOP
F01:0018       ;-----------------------------------------------------------------------------
F01:0019       ;MFP registers
F01:0020       MFP_GPDR        = MFP_BASE + $00
F01:0021       MFP_AER         = MFP_BASE + $01
F01:0022       MFP_DDR         = MFP_BASE + $02
F01:0023       MFP_IERA        = MFP_BASE + $03
F01:0024       MFP_IERB        = MFP_BASE + $04
F01:0025       MFP_IPRA        = MFP_BASE + $05
F01:0026       MFP_IPRB        = MFP_BASE + $06
F01:0027       MFP_ISRA        = MFP_BASE + $07
F01:0028       MFP_ISRB        = MFP_BASE + $08
F01:0029       MFP_IMRA        = MFP_BASE + $09
F01:0030       MFP_IMRB        = MFP_BASE + $0A
F01:0031       MFP_VR          = MFP_BASE + $0B
F01:0032       MFP_TACR        = MFP_BASE + $0C
F01:0033       MFP_TBCR        = MFP_BASE + $0D
F01:0034       MFP_TCDCR       = MFP_BASE + $0E
F01:0035       MFP_TADR        = MFP_BASE + $0F
F01:0036       MFP_TBDR        = MFP_BASE + $10
F01:0037       MFP_TCDR        = MFP_BASE + $11
F01:0038       MFP_TDDR        = MFP_BASE + $12
F01:0039       MFP_SCR         = MFP_BASE + $13
F01:0040       MFP_UCR         = MFP_BASE + $14
F01:0041       MFP_RSR         = MFP_BASE + $15
F01:0042       MFP_TSR         = MFP_BASE + $16
F01:0043       MFP_UDR         = MFP_BASE + $17
F01:0044       ;-----------------------------------------------------------------------------
F01:0045       ;IDE registers
F01:0046       IDE_D		= IDE0_BASE + $00
F01:0047       IDE_E		= IDE0_BASE + $02 ;read only
F01:0048       IDE_SC		= IDE0_BASE + $04
F01:0049       IDE_SN		= IDE0_BASE + $06
F01:0050       IDE_CL		= IDE0_BASE + $08
F01:0051       IDE_CH		= IDE0_BASE + $0A
F01:0052       IDE_SDH		= IDE0_BASE + $0C
F01:0053       IDE_STAT	= IDE0_BASE + $0E ;read only
F01:0054       IDE_WP		= IDE0_BASE + $02 ;write only
F01:0055       IDE_CMD		= IDE0_BASE + $0E ;write only
F01:0056       
F01:0057       IDE_ASTAT	= IDE1_BASE + $0C ;read only
F01:0058       IDE_DIGO	= IDE1_BASE + $0C ;write only
F01:0059       IDE_DRVA	= IDE1_BASE + $0E ;read only
F01:0060       
F01:0061       IDE_LBAL	= IDE0_BASE + $06
F01:0062       IDE_LBAM	= IDE0_BASE + $08
F01:0063       IDE_LBAH	= IDE0_BASE + $0A
F01:0064       
F00:0002       
F00:0003       UpdaterMain:
F00:0004       		bsr UpdaterSerialInit
               S01:00000000:  61 00 01 7A
F00:0005       
F00:0006               move.l #.text, A0
               S01:00000004:  41 FA 01 58
F00:0007               move.l A0, -(A7)
               S01:00000008:  2F 08
F00:0008               bsr UpdaterSerialWrite
               S01:0000000A:  61 00 01 AA
F00:0009               addq #4, A7
               S01:0000000E:  58 4F
F00:0010           .commandLoop:
F00:0011               clr.l D0
               S01:00000010:  70 00
F00:0012               bsr.w UpdaterSerialRead
               S01:00000012:  61 00 01 DC
F00:0013               move.w D0, -(A7)
               S01:00000016:  3F 00
F00:0014               bsr.w UpdaterSerialWriteChar
               S01:00000018:  61 00 01 BE
F00:0015               move.w (A7)+, D0
               S01:0000001C:  30 1F
F00:0016       
F00:0017               cmpi.b #'v', D0
               S01:0000001E:  0C 00 00 76
F00:0018               beq.w .commandVersion ;displays version information
               S01:00000022:  67 00 01 2C
F00:0019               cmpi.b #'b', D0
               S01:00000026:  0C 00 00 62
F00:0020               beq.w .commandBoot ;resets the computer and boots normaly
               S01:0000002A:  67 00 00 F4
F00:0021               cmpi.b #'p', D0
               S01:0000002E:  0C 00 00 70
F00:0022               beq.w .commandPut ;loads 256 bytes over serial into data buffer
               S01:00000032:  67 00 00 CC
F00:0023               cmpi.b #'g', D0
               S01:00000036:  0C 00 00 67
F00:0024               beq.w .commandGet ;sends 256 bytes over serial from data buffer
               S01:0000003A:  67 00 00 AC
F00:0025               cmpi.b #'w', D0
               S01:0000003E:  0C 00 00 77
F00:0026               beq.w .commandWrite ;get base address over serial and tries to write the data buffer to that address
               S01:00000042:  67 00 00 3C
F00:0027               cmpi.b #'r', D0
               S01:00000046:  0C 00 00 72
F00:0028               beq.w .commandRead ;get base address over serial and load data to data buffer
               S01:0000004A:  67 00 00 1C
F00:0029               cmpi.b #'t', D0
               S01:0000004E:  0C 00 00 74
F00:0030               beq.w .commandTest ;test if device is alive
               S01:00000052:  67 00 00 06
F00:0031               bra.w .commandLoop ;ignore byte
               S01:00000056:  60 00 FF B8
F00:0032           
F00:0033           .commandTest:
F00:0034                   move.w #'k', -(A7)
               S01:0000005A:  3F 3C 00 6B
F00:0035                   bsr.w UpdaterSerialWriteChar ;sends ok back
               S01:0000005E:  61 00 01 78
F00:0036                   addq.l #2, A7
               S01:00000062:  54 8F
F00:0037                   bra.w .commandLoop
               S01:00000064:  60 00 FF AA
F00:0038       
F00:0039           .commandRead:
F00:0040                   bsr SerialReadHex32
               S01:00000068:  61 00 02 3E
F00:0041                   move.l D0, A0
               S01:0000006C:  20 40
F00:0042                   move.l #UpdaterDataBuffer, A1
               S01:0000006E:  43 FA 02 6C
F00:0043                   move.l #128, D1
               S01:00000072:  72 40 D2 41
F00:0044               .commandReadLoop:
F00:0045                   move.w (A0)+, (A1)+
               S01:00000076:  32 D8
F00:0046                   dbra D1, .commandReadLoop
               S01:00000078:  51 C9 FF FC
F00:0047                   bra.w .commandTest ;terminate command and return to command receive loop       
               S01:0000007C:  60 00 FF DC
F00:0048       
F00:0049           .commandWrite:
F00:0050                   bsr SerialReadHex32
               S01:00000080:  61 00 02 26
F00:0051       			move.l D0, D2
               S01:00000084:  24 00
F00:0052       			move.l D2, D0
               S01:00000086:  20 02
F00:0053       			andi.l #$ffffff00, D0
               S01:00000088:  02 80 FF FF FF 00
F00:0054                   move.l D0, A0
               S01:0000008E:  20 40
F00:0055       			andi.l #$ff000000, D0
               S01:00000090:  02 80 FF 00 00 00
F00:0056       			move.l D0, A1
               S01:00000096:  22 40
F00:0057                   move.l #UpdaterDataBuffer, A2
               S01:00000098:  45 FA 02 42
F00:0058                   move.w #127, D0
               S01:0000009C:  30 3C 00 7F
F00:0059       
F00:0060                   ;there be ghosts beyond here
F00:0061                   ;brief: set eeprom into programm mode and set the right page address, load data into internal buffer, wait u
F00:0062                   ;enter programm mode
F00:0063                   move.w #$AAAA, ($AAAA, A1)
               S01:000000A0:  33 BC AA AA 01 70 00 00 AA AA
F00:0064                   move.w #$5555, ($5554, A1)
               S01:000000AA:  33 7C 55 55 55 54
F00:0065                   move.w #$A0A0, ($AAAA, A1)
               S01:000000B0:  33 BC A0 A0 01 70 00 00 AA AA
F00:0066                   ;fill up internal buffer
F00:0067               .commandWriteLoop:
F00:0068                   move.w (A2)+, (A0)+
               S01:000000BA:  30 DA
F00:0069                   dbra D0, .commandWriteLoop
               S01:000000BC:  51 C8 FF FC
F00:0070       			
F00:0071                   ;wait until programming is done
F00:0072                   move.w -(A2), D0
               S01:000000C0:  30 22
F00:0073                   andi.w #$8080, D0
               S01:000000C2:  02 40 80 80
F00:0074                   subq.l #2, A0
               S01:000000C6:  55 88
F00:0075               .commandWriteWait: ;test for inverted data bit 7. If inverted then the write operation is not finished
F00:0076                   move.w (A0), D1
               S01:000000C8:  32 10
F00:0077                   andi.w #$8080, D1
               S01:000000CA:  02 41 80 80
F00:0078                   eor.w D0, D1
               S01:000000CE:  B1 41
F00:0079                   cmpi.w #$0000, D1
               S01:000000D0:  4A 41
F00:0080                   bne.w .commandWriteWait
               S01:000000D2:  66 00 FF F4
F00:0081                   ;repeat test twice
F00:0082                   move.w (A0), D1
               S01:000000D6:  32 10
F00:0083                   andi.w #$8080, D1
               S01:000000D8:  02 41 80 80
F00:0084                   eor.w D0, D1
               S01:000000DC:  B1 41
F00:0085                   cmpi.w #$0000, D1
               S01:000000DE:  4A 41
F00:0086                   bne.w .commandWriteWait
               S01:000000E0:  66 00 FF E6
F00:0087                   ;the data is written and writing is done
F00:0088                   bra.w .commandTest ;terminate command and return to command receive loop
               S01:000000E4:  60 00 FF 74
F00:0089       
F00:0090           .commandGet:
F00:0091                   move.l #UpdaterDataBuffer, A3
               S01:000000E8:  47 FA 01 F2
F00:0092                   move.w #127, D3
               S01:000000EC:  36 3C 00 7F
F00:0093               .commandGetLoop:
F00:0094                   move.w (A3)+, -(A7)
               S01:000000F0:  3F 1B
F00:0095       			bsr.w SerialWriteHex16
               S01:000000F2:  61 00 01 60
F00:0096       			addq.l #2, A7
               S01:000000F6:  54 8F
F00:0097                   dbra D3, .commandGetLoop
               S01:000000F8:  51 CB FF F6
F00:0098       
F00:0099                   bra.w .commandLoop
               S01:000000FC:  60 00 FF 12
F00:0100           .commandPut:
F00:0101                   move.l #UpdaterDataBuffer, A3
               S01:00000100:  47 FA 01 DA
F00:0102                   move.w #127, D3
               S01:00000104:  36 3C 00 7F
F00:0103               .commandPutLoop:
F00:0104       			bsr SerialReadHex16
               S01:00000108:  61 00 01 6E
F00:0105                   move.w D0, (A3)+
               S01:0000010C:  36 C0
F00:0106       			move.w #'.', -(A7)
               S01:0000010E:  3F 3C 00 2E
F00:0107       			bsr UpdaterSerialWriteChar
               S01:00000112:  61 00 00 C4
F00:0108       			addq.l #2, A7
               S01:00000116:  54 8F
F00:0109                   dbra D3, .commandPutLoop
               S01:00000118:  51 CB FF EE
F00:0110       
F00:0111                   bra.w .commandTest
               S01:0000011C:  60 00 FF 3C
F00:0112           .commandBoot:
F00:0113       			move.l #ROM_BASE, D0
               S01:00000120:  70 00
F00:0114       			movec.l D0, VBR ;reset to initial VBR location
               S01:00000122:  4E 7B 08 01
F00:0115                   move.l ROM_BASE, A7 ;vector for SP init
               S01:00000126:  2E 78 00 00
F00:0116                   ;reset external devices
F00:0117                   reset
               S01:0000012A:  4E 70
F00:0118                   ;clear all registers for good measure
F00:0119                   clr.l D0
               S01:0000012C:  70 00
F00:0120                   clr.l D1
               S01:0000012E:  72 00
F00:0121                   clr.l D2
               S01:00000130:  74 00
F00:0122                   clr.l D3
               S01:00000132:  76 00
F00:0123                   clr.l D4
               S01:00000134:  78 00
F00:0124                   clr.l D5
               S01:00000136:  7A 00
F00:0125                   clr.l D6
               S01:00000138:  7C 00
F00:0126                   clr.l D7
               S01:0000013A:  7E 00
F00:0127                   suba.l A0, A0
               S01:0000013C:  91 C8
F00:0128                   suba.l A1, A1
               S01:0000013E:  93 C9
F00:0129                   suba.l A2, A2
               S01:00000140:  95 CA
F00:0130                   suba.l A3, A3
               S01:00000142:  97 CB
F00:0131                   suba.l A4, A4
               S01:00000144:  99 CC
F00:0132                   suba.l A5, A5
               S01:00000146:  9B CD
F00:0133                   suba.l A6, A6
               S01:00000148:  9D CE
F00:0134                   ;jump to reset routine
F00:0135                   jmp (ROM_BASE + 4).l ;vector for PC init
               S01:0000014A:  4E F9 00 00 00 04
F00:0136           .commandVersion:
F00:0137                   move.l #.versionString, A0
               S01:00000150:  41 FA 00 22
F00:0138                   move.l A0, -(A7)
               S01:00000154:  2F 08
F00:0139                   bsr UpdaterSerialWrite
               S01:00000156:  61 5E
F00:0140                   addq #4, A7
               S01:00000158:  58 4F
F00:0141       
F00:0142                   bra.w .commandTest
               S01:0000015A:  60 00 FE FE
F00:0143       
F00:0144           .text:
F00:0145                   dc.b "BIOS020 Updater V0.01", $00
               S01:0000015E:  42 49 4F 53 30 32 30 20 55 70 64 61 74 65 72 20
               S01:0000016E:  56 30 2E 30 31
               S01:00000173:  00
F00:0146           .versionString:
F00:0147                   dc.b "[V0.01]", $00
               S01:00000174:  5B 56 30 2E 30 31 5D
               S01:0000017B:  00
F00:0148           even
F00:0149       
F00:0150       UpdaterSerialInit:
F00:0151               andi.b #$f0, MFP_TCDCR
               S01:0000017C:  02 39 00 F0 40 00 00 0E
F00:0152               ori.b #$01, MFP_TCDCR
               S01:00000184:  00 39 00 01 40 00 00 0E
F00:0153               move.b #$3, MFP_TDDR ;TDO clock divider for 9600 baud serial
               S01:0000018C:  13 FC 00 03 40 00 00 12
F00:0154       
F00:0155               move.b #$88, MFP_UCR ;CLK / 16, 8bit char, no parity
               S01:00000194:  13 FC 00 88 40 00 00 14
F00:0156               move.b #$04, MFP_TSR ;set h flag
               S01:0000019C:  13 FC 00 04 40 00 00 16
F00:0157               move.b #$05, MFP_TSR ;enable transmitter
               S01:000001A4:  13 FC 00 05 40 00 00 16
F00:0158       
F00:0159               move.b #$01, MFP_RSR ;enable receiver
               S01:000001AC:  13 FC 00 01 40 00 00 15
F00:0160       
F00:0161               rts
               S01:000001B4:  4E 75
F00:0162       UpdaterSerialWrite:
F00:0163               move.l (4, A7), A0
               S01:000001B6:  20 6F 00 04
F00:0164           .loop:
F00:0165               btst.b #7, MFP_TSR
               S01:000001BA:  08 39 00 07 40 00 00 16
F00:0166               beq.w .loop ;as long as the BE flag is clear loop
               S01:000001C2:  67 00 FF F6
F00:0167       
F00:0168               cmpi.b #$00, (A0)
               S01:000001C6:  4A 10
F00:0169               beq.w .return
               S01:000001C8:  67 00 00 0C
F00:0170               move.b (A0)+, MFP_UDR
               S01:000001CC:  13 D8 40 00 00 17
F00:0171               bra.w .loop
               S01:000001D2:  60 00 FF E6
F00:0172           .return:
F00:0173               rts
               S01:000001D6:  4E 75
F00:0174       UpdaterSerialWriteChar:
F00:0175               btst.b #7, MFP_TSR
               S01:000001D8:  08 39 00 07 40 00 00 16
F00:0176               beq.w UpdaterSerialWriteChar
               S01:000001E0:  67 00 FF F6
F00:0177       
F00:0178               move.w (4, A7), D0
               S01:000001E4:  30 2F 00 04
F00:0179               move.b D0, MFP_UDR
               S01:000001E8:  13 C0 40 00 00 17
F00:0180               rts
               S01:000001EE:  4E 75
F00:0181       UpdaterSerialRead:
F00:0182               btst.b #7, MFP_RSR ;wait until a char is received
               S01:000001F0:  08 39 00 07 40 00 00 15
F00:0183               beq.w UpdaterSerialRead
               S01:000001F8:  67 00 FF F6
F00:0184       
F00:0185               move.b MFP_UDR, D0
               S01:000001FC:  10 39 40 00 00 17
F00:0186               rts
               S01:00000202:  4E 75
F00:0187       __SerialHexTable:
F00:0188       		dc.b "0123456789ABCDEF"
               S01:00000204:  30 31 32 33 34 35 36 37 38 39 41 42 43 44 45 46
F00:0189       SerialWriteHex8: ;void (int number)
F00:0190       		move.l #__SerialHexTable, A0
               S01:00000214:  41 FA FF EE
F00:0191       	.loop0:
F00:0192       		btst.b #7, MFP_TSR
               S01:00000218:  08 39 00 07 40 00 00 16
F00:0193       		beq.w .loop0
               S01:00000220:  67 00 FF F6
F00:0194       
F00:0195       		move.w (4, A7), D0
               S01:00000224:  30 2F 00 04
F00:0196       		andi.w #$00f0, D0
               S01:00000228:  02 40 00 F0
F00:0197       		lsr.w #4, D0
               S01:0000022C:  E8 48
F00:0198       		move.b (0,A0,D0), MFP_UDR
               S01:0000022E:  13 F0 00 00 40 00 00 17
F00:0199       	.loop1:
F00:0200       		btst.b #7, MFP_TSR
               S01:00000236:  08 39 00 07 40 00 00 16
F00:0201       		beq.w .loop1
               S01:0000023E:  67 00 FF F6
F00:0202       
F00:0203       		move.w (4, A7), D0
               S01:00000242:  30 2F 00 04
F00:0204       		andi.w #$000f, D0
               S01:00000246:  02 40 00 0F
F00:0205       		move.b (0,A0,D0), MFP_UDR
               S01:0000024A:  13 F0 00 00 40 00 00 17
F00:0206       
F00:0207       		rts
               S01:00000252:  4E 75
F00:0208       SerialWriteHex16: ;void (int number)
F00:0209       		move.w (4, A7), D0
               S01:00000254:  30 2F 00 04
F00:0210       		andi.w #$ff00, D0
               S01:00000258:  02 40 FF 00
F00:0211       		lsr.w #8, D0
               S01:0000025C:  E0 48
F00:0212       		move.w D0, -(A7)
               S01:0000025E:  3F 00
F00:0213       		bsr.w SerialWriteHex8
               S01:00000260:  61 00 FF B2
F00:0214       		addq.l #2, A7
               S01:00000264:  54 8F
F00:0215       
F00:0216       		move.w (4, A7), D0
               S01:00000266:  30 2F 00 04
F00:0217       		andi.w #$00ff, D0
               S01:0000026A:  02 40 00 FF
F00:0218       		move.w D0, -(A7)
               S01:0000026E:  3F 00
F00:0219       		bsr.w SerialWriteHex8
               S01:00000270:  61 00 FF A2
F00:0220       		addq.l #2, A7
               S01:00000274:  54 8F
F00:0221       
F00:0222       		rts
               S01:00000276:  4E 75
F00:0223       SerialReadHex16:
F00:0224       		move.l D2, -(A7)
               S01:00000278:  2F 02
F00:0225       		clr.l D1
               S01:0000027A:  72 00
F00:0226       		move.w #3, D2
               S01:0000027C:  34 3C 00 03
F00:0227       	.loop:
F00:0228       		lsl.w #4, D1
               S01:00000280:  E9 49
F00:0229       		bsr UpdaterSerialRead
               S01:00000282:  61 00 FF 6C
F00:0230       		subi.b #48, D0
               S01:00000286:  04 00 00 30
F00:0231       		cmpi.b #10, D0
               S01:0000028A:  0C 00 00 0A
F00:0232       		blo .skip
               S01:0000028E:  65 02
F00:0233       		subi.b #7, D0
               S01:00000290:  5F 00
F00:0234       	.skip:
F00:0235       		andi.w #$000f, D0
               S01:00000292:  02 40 00 0F
F00:0236       		or.w D0, D1
               S01:00000296:  82 40
F00:0237       		dbra D2, .loop
               S01:00000298:  51 CA FF E6
F00:0238       
F00:0239       		move.l (A7)+, D2
               S01:0000029C:  24 1F
F00:0240       		move.w D1, D0
               S01:0000029E:  30 01
F00:0241       		move.w D0, -(A7)
               S01:000002A0:  3F 00
F00:0242       		bsr SerialWriteHex16
               S01:000002A2:  61 B0
F00:0243       		move.w (A7)+, D0
               S01:000002A4:  30 1F
F00:0244       		rts
               S01:000002A6:  4E 75
F00:0245       SerialReadHex32:
F00:0246       		move.l D3, -(A7)
               S01:000002A8:  2F 03
F00:0247       		bsr SerialReadHex16
               S01:000002AA:  61 CC
F00:0248       		swap D0
               S01:000002AC:  48 40
F00:0249       		andi.l #$ffff0000, D0
               S01:000002AE:  02 80 FF FF 00 00
F00:0250       		move.l D0, D3
               S01:000002B4:  26 00
F00:0251       		bsr SerialReadHex16
               S01:000002B6:  61 C0
F00:0252       		andi.l #$0000ffff, D0
               S01:000002B8:  02 80 00 00 FF FF
F00:0253       		or.l D3, D0
               S01:000002BE:  80 83
F00:0254       		move.l (A7)+, D3
               S01:000002C0:  26 1F
F00:0255       		rts
               S01:000002C2:  4E 75
F00:0256       SerialXON:
F00:0257       		move.w #$11, -(A7)
               S01:000002C4:  3F 3C 00 11
F00:0258       		bsr UpdaterSerialWriteChar
               S01:000002C8:  61 00 FF 0E
F00:0259       		addq.l #2, A7
               S01:000002CC:  54 8F
F00:0260       		rts
               S01:000002CE:  4E 75
F00:0261       SerialXOFF:
F00:0262       		move.w #$11, -(A7)
               S01:000002D0:  3F 3C 00 11
F00:0263       		bsr UpdaterSerialWriteChar
               S01:000002D4:  61 00 FF 02
F00:0264       		addq.l #2, A7
               S01:000002D8:  54 8F
F00:0265       		rts
               S01:000002DA:  4E 75
F00:0266       
F00:0267       
F00:0268       
F00:0269       UpdaterDataBuffer:
F00:0270               dcb.w 128
F00:0271       


Sections:
S01  .text


Sources:
F00  updaterPayload.asm
F01  system.asm


Symbols:
SerialXOFF LAB (0x2d0) UNUSED sec=.text 
SerialXON LAB (0x2c4) UNUSED sec=.text 
 SerialReadHex16 .skip LAB (0x292) sec=.text 
 SerialReadHex16 .loop LAB (0x280) sec=.text 
 SerialWriteHex8 .loop1 LAB (0x236) sec=.text 
 SerialWriteHex8 .loop0 LAB (0x218) sec=.text 
SerialWriteHex8 LAB (0x214) sec=.text 
__SerialHexTable LAB (0x204) sec=.text 
 UpdaterSerialWrite .return LAB (0x1d6) sec=.text 
 UpdaterSerialWrite .loop LAB (0x1ba) sec=.text 
 UpdaterMain .versionString LAB (0x174) sec=.text 
SerialReadHex16 LAB (0x278) sec=.text 
 UpdaterMain .commandPutLoop LAB (0x108) sec=.text 
SerialWriteHex16 LAB (0x254) sec=.text 
 UpdaterMain .commandGetLoop LAB (0xf0) sec=.text 
 UpdaterMain .commandWriteWait LAB (0xc8) sec=.text 
 UpdaterMain .commandWriteLoop LAB (0xba) sec=.text 
 UpdaterMain .commandReadLoop LAB (0x76) sec=.text 
UpdaterDataBuffer LAB (0x2dc) sec=.text 
SerialReadHex32 LAB (0x2a8) sec=.text 
 UpdaterMain .commandTest LAB (0x5a) sec=.text 
 UpdaterMain .commandRead LAB (0x68) sec=.text 
 UpdaterMain .commandWrite LAB (0x80) sec=.text 
 UpdaterMain .commandGet LAB (0xe8) sec=.text 
 UpdaterMain .commandPut LAB (0x100) sec=.text 
 UpdaterMain .commandBoot LAB (0x120) sec=.text 
 UpdaterMain .commandVersion LAB (0x150) sec=.text 
UpdaterSerialWriteChar LAB (0x1d8) sec=.text 
UpdaterSerialRead LAB (0x1f0) sec=.text 
 UpdaterMain .commandLoop LAB (0x10) sec=.text 
UpdaterSerialWrite LAB (0x1b6) sec=.text 
 UpdaterMain .text LAB (0x15e) sec=.text 
UpdaterSerialInit LAB (0x17c) sec=.text 
UpdaterMain LAB (0x0) UNUSED sec=.text 
IDE_LBAH EXPR(536870922=0x2000000a) UNUSED EQU 
IDE_LBAM EXPR(536870920=0x20000008) UNUSED EQU 
IDE_LBAL EXPR(536870918=0x20000006) UNUSED EQU 
IDE_DRVA EXPR(805306382=0x3000000e) UNUSED EQU 
IDE_DIGO EXPR(805306380=0x3000000c) UNUSED EQU 
IDE_ASTAT EXPR(805306380=0x3000000c) UNUSED EQU 
IDE_CMD EXPR(536870926=0x2000000e) UNUSED EQU 
IDE_WP EXPR(536870914=0x20000002) UNUSED EQU 
IDE_STAT EXPR(536870926=0x2000000e) UNUSED EQU 
IDE_SDH EXPR(536870924=0x2000000c) UNUSED EQU 
IDE_CH EXPR(536870922=0x2000000a) UNUSED EQU 
IDE_CL EXPR(536870920=0x20000008) UNUSED EQU 
IDE_SN EXPR(536870918=0x20000006) UNUSED EQU 
IDE_SC EXPR(536870916=0x20000004) UNUSED EQU 
IDE_E EXPR(536870914=0x20000002) UNUSED EQU 
IDE_D EXPR(536870912=0x20000000) UNUSED EQU 
MFP_UDR EXPR(1073741847=0x40000017) EQU 
MFP_TSR EXPR(1073741846=0x40000016) EQU 
MFP_RSR EXPR(1073741845=0x40000015) EQU 
MFP_UCR EXPR(1073741844=0x40000014) EQU 
MFP_SCR EXPR(1073741843=0x40000013) UNUSED EQU 
MFP_TDDR EXPR(1073741842=0x40000012) EQU 
MFP_TCDR EXPR(1073741841=0x40000011) UNUSED EQU 
MFP_TBDR EXPR(1073741840=0x40000010) UNUSED EQU 
MFP_TADR EXPR(1073741839=0x4000000f) UNUSED EQU 
MFP_TCDCR EXPR(1073741838=0x4000000e) EQU 
MFP_TBCR EXPR(1073741837=0x4000000d) UNUSED EQU 
MFP_TACR EXPR(1073741836=0x4000000c) UNUSED EQU 
MFP_VR EXPR(1073741835=0x4000000b) UNUSED EQU 
MFP_IMRB EXPR(1073741834=0x4000000a) UNUSED EQU 
MFP_IMRA EXPR(1073741833=0x40000009) UNUSED EQU 
MFP_ISRB EXPR(1073741832=0x40000008) UNUSED EQU 
MFP_ISRA EXPR(1073741831=0x40000007) UNUSED EQU 
MFP_IPRB EXPR(1073741830=0x40000006) UNUSED EQU 
MFP_IPRA EXPR(1073741829=0x40000005) UNUSED EQU 
MFP_IERB EXPR(1073741828=0x40000004) UNUSED EQU 
MFP_IERA EXPR(1073741827=0x40000003) UNUSED EQU 
MFP_DDR EXPR(1073741826=0x40000002) UNUSED EQU 
MFP_AER EXPR(1073741825=0x40000001) UNUSED EQU 
MFP_GPDR EXPR(1073741824=0x40000000) UNUSED EQU 
STACK_INIT EXPR(269484032=0x10100000) UNUSED EQU 
IDE1_BASE EXPR(805306368=0x30000000) EQU 
IDE0_BASE EXPR(536870912=0x20000000) EQU 
MFP_BASE EXPR(1073741824=0x40000000) EQU 
RAM_PAGES EXPR(1024=0x400) UNUSED EQU 
RAM_TOP EXPR(269484032=0x10100000) EQU 
RAM_SIZE EXPR(1048576=0x100000) EQU 
RAM_BASE EXPR(268435456=0x10000000) EQU 
ROM_TOP EXPR(262144=0x40000) UNUSED EQU 
ROM_SIZE EXPR(262144=0x40000) EQU 
ROM_BASE EXPR(0=0x0) EQU 
_MOVEMBYTES EXPR(0=0x0) INTERNAL 
 MOVEMSIZE EXPR(0=0x0) INTERNAL 
_MOVEMREGS EXPR(0=0x0) INTERNAL 
__VASM EXPR(4=0x4) INTERNAL 
__UNIXFS EXPR(0=0x0) INTERNAL 

There have been no errors.
